****                   ADMIXTURE Version 1.3.0                  ****
****                    Copyright 2008-2015                     ****
****           David Alexander, Suyash Shringarpure,            ****
****                John  Novembre, Ken Lange                   ****
****                                                            ****
****                 Please cite our paper!                     ****
****   Information at www.genetics.ucla.edu/software/admixture  ****

Cross-validation will be performed.  Folds=5.
Parallel execution requested.  Will use 10 threads.
Random seed: 43
Point estimation method: Block relaxation algorithm
Convergence acceleration algorithm: QuasiNewton, 3 secant conditions
Point estimation will terminate when objective function delta < 0.0001
Estimation of standard errors disabled; will compute point estimates only.
Size of G: 40x1278
Performing five EM steps to prime main algorithm
1 (EM) 	Elapsed: 0.019	Loglikelihood: -20794.7	(delta): 48217
2 (EM) 	Elapsed: 0.016	Loglikelihood: -18780.1	(delta): 2014.52
3 (EM) 	Elapsed: 0.015	Loglikelihood: -18255.4	(delta): 524.732
4 (EM) 	Elapsed: 0.014	Loglikelihood: -17919.2	(delta): 336.163
5 (EM) 	Elapsed: 0.013	Loglikelihood: -17660.5	(delta): 258.744
Initial loglikelihood: -17660.5
Starting main algorithm
1 (QN/Block) 	Elapsed: 0.017	Loglikelihood: -15076.8	(delta): 2583.7
2 (QN/Block) 	Elapsed: 0.016	Loglikelihood: -14183	(delta): 893.822
3 (QN/Block) 	Elapsed: 0.017	Loglikelihood: -13715.1	(delta): 467.91
4 (QN/Block) 	Elapsed: 0.015	Loglikelihood: -13461.5	(delta): 253.558
5 (QN/Block) 	Elapsed: 0.015	Loglikelihood: -13330.5	(delta): 131.012
6 (QN/Block) 	Elapsed: 0.014	Loglikelihood: -13261.1	(delta): 69.409
7 (QN/Block) 	Elapsed: 0.015	Loglikelihood: -13221.6	(delta): 39.4659
8 (QN/Block) 	Elapsed: 0.014	Loglikelihood: -13210.8	(delta): 10.8687
9 (QN/Block) 	Elapsed: 0.014	Loglikelihood: -13206	(delta): 4.80324
10 (QN/Block) 	Elapsed: 0.015	Loglikelihood: -13188.9	(delta): 17.0824
11 (QN/Block) 	Elapsed: 0.015	Loglikelihood: -13157.9	(delta): 30.9405
12 (QN/Block) 	Elapsed: 0.015	Loglikelihood: -13144.7	(delta): 13.2442
13 (QN/Block) 	Elapsed: 0.015	Loglikelihood: -13135.8	(delta): 8.85438
14 (QN/Block) 	Elapsed: 0.015	Loglikelihood: -13110.5	(delta): 25.3555
15 (QN/Block) 	Elapsed: 0.015	Loglikelihood: -13088.8	(delta): 21.6807
16 (QN/Block) 	Elapsed: 0.015	Loglikelihood: -13084.6	(delta): 4.2388
17 (QN/Block) 	Elapsed: 0.015	Loglikelihood: -13084.5	(delta): 0.0234022
18 (QN/Block) 	Elapsed: 0.015	Loglikelihood: -13084.5	(delta): 5.66997e-08
Summary: 
Converged in 18 iterations (0.365 sec)
Loglikelihood: -13084.530496
Fst divergences between estimated populations: 
	Pop0	Pop1	Pop2	Pop3	Pop4	Pop5	Pop6	Pop7	Pop8	
Pop0	
Pop1	0.162	
Pop2	0.138	0.142	
Pop3	0.261	0.269	0.243	
Pop4	0.136	0.135	0.127	0.236	
Pop5	0.244	0.230	0.194	0.331	0.207	
Pop6	0.191	0.193	0.170	0.318	0.177	0.271	
Pop7	0.220	0.248	0.210	0.340	0.204	0.303	0.262	
Pop8	0.176	0.168	0.148	0.263	0.150	0.199	0.214	0.243	
Pop9	0.213	0.199	0.167	0.303	0.177	0.230	0.241	0.271	0.173	
CV error (K=10): 0.75408
Writing output files.
