****                   ADMIXTURE Version 1.3.0                  ****
****                    Copyright 2008-2015                     ****
****           David Alexander, Suyash Shringarpure,            ****
****                John  Novembre, Ken Lange                   ****
****                                                            ****
****                 Please cite our paper!                     ****
****   Information at www.genetics.ucla.edu/software/admixture  ****

Cross-validation will be performed.  Folds=5.
Parallel execution requested.  Will use 10 threads.
Random seed: 43
Point estimation method: Block relaxation algorithm
Convergence acceleration algorithm: QuasiNewton, 3 secant conditions
Point estimation will terminate when objective function delta < 0.0001
Estimation of standard errors disabled; will compute point estimates only.
Size of G: 40x1278
Performing five EM steps to prime main algorithm
1 (EM) 	Elapsed: 0.004	Loglikelihood: -20141.5	(delta): 62221.2
2 (EM) 	Elapsed: 0.004	Loglikelihood: -19091	(delta): 1050.48
3 (EM) 	Elapsed: 0.004	Loglikelihood: -18867.7	(delta): 223.309
4 (EM) 	Elapsed: 0.004	Loglikelihood: -18761.2	(delta): 106.509
5 (EM) 	Elapsed: 0.004	Loglikelihood: -18701.2	(delta): 59.9568
Initial loglikelihood: -18701.2
Starting main algorithm
1 (QN/Block) 	Elapsed: 0.009	Loglikelihood: -18281.7	(delta): 419.528
2 (QN/Block) 	Elapsed: 0.009	Loglikelihood: -18153.3	(delta): 128.429
3 (QN/Block) 	Elapsed: 0.009	Loglikelihood: -18044.8	(delta): 108.498
4 (QN/Block) 	Elapsed: 0.008	Loglikelihood: -17973	(delta): 71.712
5 (QN/Block) 	Elapsed: 0.008	Loglikelihood: -17932.6	(delta): 40.418
6 (QN/Block) 	Elapsed: 0.008	Loglikelihood: -17902.2	(delta): 30.466
7 (QN/Block) 	Elapsed: 0.008	Loglikelihood: -17895.2	(delta): 6.95169
8 (QN/Block) 	Elapsed: 0.007	Loglikelihood: -17892.1	(delta): 3.15663
9 (QN/Block) 	Elapsed: 0.007	Loglikelihood: -17890.6	(delta): 1.41677
10 (QN/Block) 	Elapsed: 0.007	Loglikelihood: -17890.5	(delta): 0.169103
11 (QN/Block) 	Elapsed: 0.007	Loglikelihood: -17890.5	(delta): 0.00126725
12 (QN/Block) 	Elapsed: 0.007	Loglikelihood: -17890.5	(delta): 3.63798e-10
Summary: 
Converged in 12 iterations (0.127 sec)
Loglikelihood: -17890.466842
Fst divergences between estimated populations: 
	Pop0	
Pop0	
Pop1	0.189	
CV error (K=2): 0.41952
Writing output files.
