****                   ADMIXTURE Version 1.3.0                  ****
****                    Copyright 2008-2015                     ****
****           David Alexander, Suyash Shringarpure,            ****
****                John  Novembre, Ken Lange                   ****
****                                                            ****
****                 Please cite our paper!                     ****
****   Information at www.genetics.ucla.edu/software/admixture  ****

Cross-validation will be performed.  Folds=5.
Parallel execution requested.  Will use 10 threads.
Random seed: 43
Point estimation method: Block relaxation algorithm
Convergence acceleration algorithm: QuasiNewton, 3 secant conditions
Point estimation will terminate when objective function delta < 0.0001
Estimation of standard errors disabled; will compute point estimates only.
Size of G: 40x1278
Performing five EM steps to prime main algorithm
1 (EM) 	Elapsed: 0.003	Loglikelihood: -20805.5	(delta): 53960.6
2 (EM) 	Elapsed: 0.003	Loglikelihood: -19324.2	(delta): 1481.29
3 (EM) 	Elapsed: 0.003	Loglikelihood: -19006.5	(delta): 317.662
4 (EM) 	Elapsed: 0.003	Loglikelihood: -18823.6	(delta): 182.956
5 (EM) 	Elapsed: 0.003	Loglikelihood: -18705.9	(delta): 117.689
Initial loglikelihood: -18705.9
Starting main algorithm
1 (QN/Block) 	Elapsed: 0.009	Loglikelihood: -18047.8	(delta): 658.111
2 (QN/Block) 	Elapsed: 0.008	Loglikelihood: -17706	(delta): 341.767
3 (QN/Block) 	Elapsed: 0.009	Loglikelihood: -17168.2	(delta): 537.767
4 (QN/Block) 	Elapsed: 0.009	Loglikelihood: -16795	(delta): 373.261
5 (QN/Block) 	Elapsed: 0.009	Loglikelihood: -16526.7	(delta): 268.251
6 (QN/Block) 	Elapsed: 0.009	Loglikelihood: -16412.4	(delta): 114.353
7 (QN/Block) 	Elapsed: 0.008	Loglikelihood: -16383.6	(delta): 28.7454
8 (QN/Block) 	Elapsed: 0.009	Loglikelihood: -16380.5	(delta): 3.14277
9 (QN/Block) 	Elapsed: 0.009	Loglikelihood: -16380.2	(delta): 0.31087
10 (QN/Block) 	Elapsed: 0.008	Loglikelihood: -16379.9	(delta): 0.279368
11 (QN/Block) 	Elapsed: 0.009	Loglikelihood: -16379.8	(delta): 0.0452467
12 (QN/Block) 	Elapsed: 0.008	Loglikelihood: -16379.8	(delta): 0.00570226
13 (QN/Block) 	Elapsed: 0.008	Loglikelihood: -16379.8	(delta): 0.000256495
14 (QN/Block) 	Elapsed: 0.008	Loglikelihood: -16379.8	(delta): 1.80105e-05
Summary: 
Converged in 14 iterations (0.143 sec)
Loglikelihood: -16379.831975
Fst divergences between estimated populations: 
	Pop0	Pop1	
Pop0	
Pop1	0.222	
Pop2	0.081	0.216	
CV error (K=3): 0.42933
Writing output files.
