****                   ADMIXTURE Version 1.3.0                  ****
****                    Copyright 2008-2015                     ****
****           David Alexander, Suyash Shringarpure,            ****
****                John  Novembre, Ken Lange                   ****
****                                                            ****
****                 Please cite our paper!                     ****
****   Information at www.genetics.ucla.edu/software/admixture  ****

Cross-validation will be performed.  Folds=5.
Parallel execution requested.  Will use 10 threads.
Random seed: 43
Point estimation method: Block relaxation algorithm
Convergence acceleration algorithm: QuasiNewton, 3 secant conditions
Point estimation will terminate when objective function delta < 0.0001
Estimation of standard errors disabled; will compute point estimates only.
Size of G: 40x1278
Performing five EM steps to prime main algorithm
1 (EM) 	Elapsed: 0.005	Loglikelihood: -20887.2	(delta): 52780.6
2 (EM) 	Elapsed: 0.005	Loglikelihood: -19125.5	(delta): 1761.7
3 (EM) 	Elapsed: 0.005	Loglikelihood: -18724.3	(delta): 401.236
4 (EM) 	Elapsed: 0.005	Loglikelihood: -18509.3	(delta): 214.964
5 (EM) 	Elapsed: 0.005	Loglikelihood: -18362.4	(delta): 146.913
Initial loglikelihood: -18362.4
Starting main algorithm
1 (QN/Block) 	Elapsed: 0.011	Loglikelihood: -17263.9	(delta): 1098.43
2 (QN/Block) 	Elapsed: 0.009	Loglikelihood: -16732.3	(delta): 531.619
3 (QN/Block) 	Elapsed: 0.01	Loglikelihood: -16309.5	(delta): 422.797
4 (QN/Block) 	Elapsed: 0.009	Loglikelihood: -16059.2	(delta): 250.372
5 (QN/Block) 	Elapsed: 0.009	Loglikelihood: -15914.6	(delta): 144.61
6 (QN/Block) 	Elapsed: 0.009	Loglikelihood: -15803.9	(delta): 110.662
7 (QN/Block) 	Elapsed: 0.009	Loglikelihood: -15766.1	(delta): 37.8361
8 (QN/Block) 	Elapsed: 0.009	Loglikelihood: -15757.6	(delta): 8.40902
9 (QN/Block) 	Elapsed: 0.009	Loglikelihood: -15756.9	(delta): 0.694837
10 (QN/Block) 	Elapsed: 0.009	Loglikelihood: -15756.2	(delta): 0.701441
11 (QN/Block) 	Elapsed: 0.008	Loglikelihood: -15756.1	(delta): 0.109762
12 (QN/Block) 	Elapsed: 0.008	Loglikelihood: -15756.1	(delta): 0.0481374
13 (QN/Block) 	Elapsed: 0.008	Loglikelihood: -15756.1	(delta): 0.0262526
14 (QN/Block) 	Elapsed: 0.008	Loglikelihood: -15756.1	(delta): 0.00529338
15 (QN/Block) 	Elapsed: 0.008	Loglikelihood: -15756.1	(delta): 0.000125809
16 (QN/Block) 	Elapsed: 0.008	Loglikelihood: -15756.1	(delta): 9.28246e-06
Summary: 
Converged in 16 iterations (0.18 sec)
Loglikelihood: -15756.056948
Fst divergences between estimated populations: 
	Pop0	Pop1	Pop2	
Pop0	
Pop1	0.106	
Pop2	0.231	0.228	
Pop3	0.073	0.101	0.230	
CV error (K=4): 0.48763
Writing output files.
