****                   ADMIXTURE Version 1.3.0                  ****
****                    Copyright 2008-2015                     ****
****           David Alexander, Suyash Shringarpure,            ****
****                John  Novembre, Ken Lange                   ****
****                                                            ****
****                 Please cite our paper!                     ****
****   Information at www.genetics.ucla.edu/software/admixture  ****

Cross-validation will be performed.  Folds=5.
Parallel execution requested.  Will use 10 threads.
Random seed: 43
Point estimation method: Block relaxation algorithm
Convergence acceleration algorithm: QuasiNewton, 3 secant conditions
Point estimation will terminate when objective function delta < 0.0001
Estimation of standard errors disabled; will compute point estimates only.
Size of G: 40x1278
Performing five EM steps to prime main algorithm
1 (EM) 	Elapsed: 0.007	Loglikelihood: -20924.3	(delta): 50973.8
2 (EM) 	Elapsed: 0.007	Loglikelihood: -19053.3	(delta): 1871.01
3 (EM) 	Elapsed: 0.006	Loglikelihood: -18618.2	(delta): 435.115
4 (EM) 	Elapsed: 0.006	Loglikelihood: -18357.6	(delta): 260.568
5 (EM) 	Elapsed: 0.006	Loglikelihood: -18167.4	(delta): 190.15
Initial loglikelihood: -18167.4
Starting main algorithm
1 (QN/Block) 	Elapsed: 0.013	Loglikelihood: -16654.2	(delta): 1513.28
2 (QN/Block) 	Elapsed: 0.012	Loglikelihood: -15839.3	(delta): 814.901
3 (QN/Block) 	Elapsed: 0.013	Loglikelihood: -15548.6	(delta): 290.617
4 (QN/Block) 	Elapsed: 0.012	Loglikelihood: -15417.6	(delta): 131.026
5 (QN/Block) 	Elapsed: 0.012	Loglikelihood: -15352.3	(delta): 65.3579
6 (QN/Block) 	Elapsed: 0.011	Loglikelihood: -15323.3	(delta): 28.952
7 (QN/Block) 	Elapsed: 0.011	Loglikelihood: -15318.7	(delta): 4.61274
8 (QN/Block) 	Elapsed: 0.01	Loglikelihood: -15318.4	(delta): 0.251344
9 (QN/Block) 	Elapsed: 0.01	Loglikelihood: -15318.4	(delta): 0.0177216
10 (QN/Block) 	Elapsed: 0.009	Loglikelihood: -15318.4	(delta): 0.0105759
11 (QN/Block) 	Elapsed: 0.009	Loglikelihood: -15318.4	(delta): 0.0112944
12 (QN/Block) 	Elapsed: 0.009	Loglikelihood: -15318.3	(delta): 0.0956809
13 (QN/Block) 	Elapsed: 0.009	Loglikelihood: -15316.3	(delta): 2.04575
14 (QN/Block) 	Elapsed: 0.009	Loglikelihood: -15312.9	(delta): 3.36135
15 (QN/Block) 	Elapsed: 0.009	Loglikelihood: -15312.3	(delta): 0.594005
16 (QN/Block) 	Elapsed: 0.009	Loglikelihood: -15312.3	(delta): 0.0393188
17 (QN/Block) 	Elapsed: 0.01	Loglikelihood: -15312.2	(delta): 0.111687
18 (QN/Block) 	Elapsed: 0.01	Loglikelihood: -15311.9	(delta): 0.277296
19 (QN/Block) 	Elapsed: 0.01	Loglikelihood: -15311.2	(delta): 0.665687
20 (QN/Block) 	Elapsed: 0.01	Loglikelihood: -15311	(delta): 0.234992
21 (QN/Block) 	Elapsed: 0.009	Loglikelihood: -15311	(delta): 0.00195786
22 (QN/Block) 	Elapsed: 0.009	Loglikelihood: -15311	(delta): 0.000106657
23 (QN/Block) 	Elapsed: 0.009	Loglikelihood: -15311	(delta): 4.41693e-06
Summary: 
Converged in 23 iterations (0.287 sec)
Loglikelihood: -15310.971368
Fst divergences between estimated populations: 
	Pop0	Pop1	Pop2	Pop3	
Pop0	
Pop1	0.104	
Pop2	0.094	0.130	
Pop3	0.223	0.253	0.237	
Pop4	0.092	0.096	0.117	0.234	
CV error (K=5): 0.55324
Writing output files.
