****                   ADMIXTURE Version 1.3.0                  ****
****                    Copyright 2008-2015                     ****
****           David Alexander, Suyash Shringarpure,            ****
****                John  Novembre, Ken Lange                   ****
****                                                            ****
****                 Please cite our paper!                     ****
****   Information at www.genetics.ucla.edu/software/admixture  ****

Cross-validation will be performed.  Folds=5.
Parallel execution requested.  Will use 10 threads.
Random seed: 43
Point estimation method: Block relaxation algorithm
Convergence acceleration algorithm: QuasiNewton, 3 secant conditions
Point estimation will terminate when objective function delta < 0.0001
Estimation of standard errors disabled; will compute point estimates only.
Size of G: 40x1278
Performing five EM steps to prime main algorithm
1 (EM) 	Elapsed: 0.01	Loglikelihood: -20839.2	(delta): 49435.9
2 (EM) 	Elapsed: 0.009	Loglikelihood: -18921.6	(delta): 1917.54
3 (EM) 	Elapsed: 0.008	Loglikelihood: -18445.6	(delta): 476.047
4 (EM) 	Elapsed: 0.008	Loglikelihood: -18164.6	(delta): 280.984
5 (EM) 	Elapsed: 0.008	Loglikelihood: -17961.4	(delta): 203.172
Initial loglikelihood: -17961.4
Starting main algorithm
1 (QN/Block) 	Elapsed: 0.015	Loglikelihood: -16112.5	(delta): 1848.9
2 (QN/Block) 	Elapsed: 0.014	Loglikelihood: -15347.1	(delta): 765.373
3 (QN/Block) 	Elapsed: 0.015	Loglikelihood: -14924.4	(delta): 422.78
4 (QN/Block) 	Elapsed: 0.014	Loglikelihood: -14690.6	(delta): 233.784
5 (QN/Block) 	Elapsed: 0.014	Loglikelihood: -14618.3	(delta): 72.2506
6 (QN/Block) 	Elapsed: 0.014	Loglikelihood: -14587.7	(delta): 30.5875
7 (QN/Block) 	Elapsed: 0.013	Loglikelihood: -14575.3	(delta): 12.4103
8 (QN/Block) 	Elapsed: 0.013	Loglikelihood: -14554.3	(delta): 21.0339
9 (QN/Block) 	Elapsed: 0.013	Loglikelihood: -14526.8	(delta): 27.5487
10 (QN/Block) 	Elapsed: 0.013	Loglikelihood: -14480.1	(delta): 46.6145
11 (QN/Block) 	Elapsed: 0.014	Loglikelihood: -14394.5	(delta): 85.6203
12 (QN/Block) 	Elapsed: 0.013	Loglikelihood: -14382.6	(delta): 11.9158
13 (QN/Block) 	Elapsed: 0.014	Loglikelihood: -14372.8	(delta): 9.79324
14 (QN/Block) 	Elapsed: 0.014	Loglikelihood: -14358.7	(delta): 14.0816
15 (QN/Block) 	Elapsed: 0.013	Loglikelihood: -14320.1	(delta): 38.6159
16 (QN/Block) 	Elapsed: 0.014	Loglikelihood: -14294	(delta): 26.0782
17 (QN/Block) 	Elapsed: 0.013	Loglikelihood: -14293.2	(delta): 0.788629
18 (QN/Block) 	Elapsed: 0.014	Loglikelihood: -14293.2	(delta): 0.00390545
19 (QN/Block) 	Elapsed: 0.013	Loglikelihood: -14293.2	(delta): 7.9487e-06
Summary: 
Converged in 19 iterations (0.32 sec)
Loglikelihood: -14293.239074
Fst divergences between estimated populations: 
	Pop0	Pop1	Pop2	Pop3	Pop4	Pop5	
Pop0	
Pop1	0.195	
Pop2	0.191	0.173	
Pop3	0.154	0.164	0.166	
Pop4	0.139	0.137	0.145	0.116	
Pop5	0.164	0.149	0.103	0.144	0.125	
Pop6	0.286	0.284	0.257	0.262	0.241	0.236	
CV error (K=7): 0.64523
Writing output files.
