****                   ADMIXTURE Version 1.3.0                  ****
****                    Copyright 2008-2015                     ****
****           David Alexander, Suyash Shringarpure,            ****
****                John  Novembre, Ken Lange                   ****
****                                                            ****
****                 Please cite our paper!                     ****
****   Information at www.genetics.ucla.edu/software/admixture  ****

Cross-validation will be performed.  Folds=5.
Parallel execution requested.  Will use 10 threads.
Random seed: 43
Point estimation method: Block relaxation algorithm
Convergence acceleration algorithm: QuasiNewton, 3 secant conditions
Point estimation will terminate when objective function delta < 0.0001
Estimation of standard errors disabled; will compute point estimates only.
Size of G: 40x1278
Performing five EM steps to prime main algorithm
1 (EM) 	Elapsed: 0.012	Loglikelihood: -20778.6	(delta): 48932.5
2 (EM) 	Elapsed: 0.011	Loglikelihood: -18852.8	(delta): 1925.83
3 (EM) 	Elapsed: 0.01	Loglikelihood: -18361.4	(delta): 491.431
4 (EM) 	Elapsed: 0.01	Loglikelihood: -18061.6	(delta): 299.763
5 (EM) 	Elapsed: 0.01	Loglikelihood: -17842.9	(delta): 218.665
Initial loglikelihood: -17842.9
Starting main algorithm
1 (QN/Block) 	Elapsed: 0.016	Loglikelihood: -15860.8	(delta): 1982.13
2 (QN/Block) 	Elapsed: 0.016	Loglikelihood: -15030.7	(delta): 830.095
3 (QN/Block) 	Elapsed: 0.017	Loglikelihood: -14526.6	(delta): 504.118
4 (QN/Block) 	Elapsed: 0.016	Loglikelihood: -14236.7	(delta): 289.888
5 (QN/Block) 	Elapsed: 0.015	Loglikelihood: -14086.5	(delta): 150.21
6 (QN/Block) 	Elapsed: 0.015	Loglikelihood: -14000.7	(delta): 85.7855
7 (QN/Block) 	Elapsed: 0.015	Loglikelihood: -13949	(delta): 51.7369
8 (QN/Block) 	Elapsed: 0.015	Loglikelihood: -13935.5	(delta): 13.4381
9 (QN/Block) 	Elapsed: 0.015	Loglikelihood: -13934.7	(delta): 0.865305
10 (QN/Block) 	Elapsed: 0.015	Loglikelihood: -13934.7	(delta): 0.0130899
11 (QN/Block) 	Elapsed: 0.015	Loglikelihood: -13934.7	(delta): 0.00161037
12 (QN/Block) 	Elapsed: 0.015	Loglikelihood: -13934.6	(delta): 0.00194161
13 (QN/Block) 	Elapsed: 0.015	Loglikelihood: -13934.6	(delta): 0.00700302
14 (QN/Block) 	Elapsed: 0.015	Loglikelihood: -13934.6	(delta): 0.0141333
15 (QN/Block) 	Elapsed: 0.015	Loglikelihood: -13934.6	(delta): 0.0198149
16 (QN/Block) 	Elapsed: 0.015	Loglikelihood: -13934.6	(delta): 0.0150786
17 (QN/Block) 	Elapsed: 0.015	Loglikelihood: -13934.6	(delta): 0.0174222
18 (QN/Block) 	Elapsed: 0.015	Loglikelihood: -13934.6	(delta): 0.0192641
19 (QN/Block) 	Elapsed: 0.015	Loglikelihood: -13934.5	(delta): 0.0194131
20 (QN/Block) 	Elapsed: 0.015	Loglikelihood: -13934.5	(delta): 0.0554755
21 (QN/Block) 	Elapsed: 0.015	Loglikelihood: -13934.5	(delta): 0.0243614
22 (QN/Block) 	Elapsed: 0.015	Loglikelihood: -13934.3	(delta): 0.12297
23 (QN/Block) 	Elapsed: 0.015	Loglikelihood: -13934.2	(delta): 0.115271
24 (QN/Block) 	Elapsed: 0.015	Loglikelihood: -13934	(delta): 0.202159
25 (QN/Block) 	Elapsed: 0.015	Loglikelihood: -13933.7	(delta): 0.345051
26 (QN/Block) 	Elapsed: 0.015	Loglikelihood: -13933.6	(delta): 0.117525
27 (QN/Block) 	Elapsed: 0.015	Loglikelihood: -13933.6	(delta): 8.59363e-08
Summary: 
Converged in 27 iterations (0.487 sec)
Loglikelihood: -13933.553400
Fst divergences between estimated populations: 
	Pop0	Pop1	Pop2	Pop3	Pop4	Pop5	Pop6	
Pop0	
Pop1	0.151	
Pop2	0.146	0.153	
Pop3	0.199	0.154	0.182	
Pop4	0.128	0.131	0.131	0.164	
Pop5	0.182	0.135	0.174	0.187	0.162	
Pop6	0.134	0.133	0.143	0.173	0.120	0.161	
Pop7	0.278	0.247	0.266	0.280	0.231	0.276	0.252	
CV error (K=8): 0.70265
Writing output files.
