PLINK v1.90b6.21 64-bit (19 Oct 2020)
Options in effect:
  --allow-extra-chr
  --double-id
  --make-bed
  --out binary_fileset
  --vcf /home/d669d153/work/aph.rad/treemix/unlinked.filtered.recode.vcf

Hostname: submit1
Working directory: /panfs/pfs.local/work/bi/d669d153/aph.rad/admixture
Start time: Wed Jun 30 11:50:56 2021

Random number seed: 1625071856
192826 MB RAM detected; reserving 96413 MB for main workspace.
--vcf: binary_fileset-temporary.bed + binary_fileset-temporary.bim +
binary_fileset-temporary.fam written.
2725 variants loaded from .bim file.
95 people (0 males, 0 females, 95 ambiguous) loaded from .fam.
Ambiguous sex IDs written to binary_fileset.nosex .
Using 1 thread (no multithreaded calculations invoked).
Before main variant filters, 95 founders and 0 nonfounders present.
Calculating allele frequencies... done.
Total genotyping rate is 0.936776.
2725 variants and 95 people pass filters and QC.
Note: No phenotypes present.
--make-bed to binary_fileset.bed + binary_fileset.bim + binary_fileset.fam ...
done.

End time: Wed Jun 30 11:50:56 2021
