****                   ADMIXTURE Version 1.3.0                  ****
****                    Copyright 2008-2015                     ****
****           David Alexander, Suyash Shringarpure,            ****
****                John  Novembre, Ken Lange                   ****
****                                                            ****
****                 Please cite our paper!                     ****
****   Information at www.genetics.ucla.edu/software/admixture  ****

Cross-validation will be performed.  Folds=5.
Parallel execution requested.  Will use 10 threads.
Random seed: 43
Point estimation method: Block relaxation algorithm
Convergence acceleration algorithm: QuasiNewton, 3 secant conditions
Point estimation will terminate when objective function delta < 0.0001
Estimation of standard errors disabled; will compute point estimates only.
Size of G: 95x2725
Performing five EM steps to prime main algorithm
1 (EM) 	Elapsed: 0.109	Loglikelihood: -72721.1	(delta): 282599
2 (EM) 	Elapsed: 0.124	Loglikelihood: -64991.5	(delta): 7729.52
3 (EM) 	Elapsed: 0.09	Loglikelihood: -63394	(delta): 1597.54
4 (EM) 	Elapsed: 0.103	Loglikelihood: -62248.2	(delta): 1145.78
5 (EM) 	Elapsed: 0.103	Loglikelihood: -61185.4	(delta): 1062.86
Initial loglikelihood: -61185.4
Starting main algorithm
1 (QN/Block) 	Elapsed: 0.129	Loglikelihood: -45428.1	(delta): 15757.2
2 (QN/Block) 	Elapsed: 0.126	Loglikelihood: -38809	(delta): 6619.15
3 (QN/Block) 	Elapsed: 0.123	Loglikelihood: -36707.1	(delta): 2101.86
4 (QN/Block) 	Elapsed: 0.116	Loglikelihood: -35510.2	(delta): 1196.9
5 (QN/Block) 	Elapsed: 0.114	Loglikelihood: -34832.8	(delta): 677.424
6 (QN/Block) 	Elapsed: 0.115	Loglikelihood: -34291.3	(delta): 541.532
7 (QN/Block) 	Elapsed: 0.116	Loglikelihood: -34056.4	(delta): 234.893
8 (QN/Block) 	Elapsed: 0.115	Loglikelihood: -33957.4	(delta): 98.9965
9 (QN/Block) 	Elapsed: 0.115	Loglikelihood: -33895	(delta): 62.3662
10 (QN/Block) 	Elapsed: 0.115	Loglikelihood: -33869.6	(delta): 25.4591
11 (QN/Block) 	Elapsed: 0.116	Loglikelihood: -33835.3	(delta): 34.3118
12 (QN/Block) 	Elapsed: 0.114	Loglikelihood: -33810.3	(delta): 24.9447
13 (QN/Block) 	Elapsed: 0.115	Loglikelihood: -33799.5	(delta): 10.8417
14 (QN/Block) 	Elapsed: 0.114	Loglikelihood: -33794.9	(delta): 4.57782
15 (QN/Block) 	Elapsed: 0.114	Loglikelihood: -33792.7	(delta): 2.1374
16 (QN/Block) 	Elapsed: 0.114	Loglikelihood: -33783.8	(delta): 8.95661
17 (QN/Block) 	Elapsed: 0.116	Loglikelihood: -33757.7	(delta): 26.1111
18 (QN/Block) 	Elapsed: 0.115	Loglikelihood: -33753.8	(delta): 3.86154
19 (QN/Block) 	Elapsed: 0.116	Loglikelihood: -33753.7	(delta): 0.126177
20 (QN/Block) 	Elapsed: 0.117	Loglikelihood: -33753.7	(delta): 0.0426872
21 (QN/Block) 	Elapsed: 0.116	Loglikelihood: -33749.7	(delta): 3.98907
22 (QN/Block) 	Elapsed: 0.114	Loglikelihood: -33731.9	(delta): 17.8033
23 (QN/Block) 	Elapsed: 0.115	Loglikelihood: -33722.8	(delta): 9.05121
24 (QN/Block) 	Elapsed: 0.113	Loglikelihood: -33722.7	(delta): 0.0922963
25 (QN/Block) 	Elapsed: 0.113	Loglikelihood: -33722.7	(delta): 0.00171552
26 (QN/Block) 	Elapsed: 0.114	Loglikelihood: -33722.7	(delta): 5.56203e-06
Summary: 
Converged in 26 iterations (3.882 sec)
Loglikelihood: -33722.714193
Fst divergences between estimated populations: 
	Pop0	Pop1	Pop2	Pop3	Pop4	Pop5	Pop6	Pop7	Pop8	
Pop0	
Pop1	0.670	
Pop2	0.361	0.536	
Pop3	0.362	0.540	0.076	
Pop4	0.306	0.556	0.215	0.215	
Pop5	0.281	0.527	0.214	0.215	0.081	
Pop6	0.388	0.561	0.136	0.147	0.247	0.246	
Pop7	0.441	0.692	0.346	0.351	0.216	0.222	0.373	
Pop8	0.656	0.803	0.587	0.592	0.590	0.569	0.601	0.667	
Pop9	0.368	0.553	0.098	0.099	0.220	0.218	0.150	0.354	0.600	
CV error (K=10): 0.20368
Writing output files.
