****                   ADMIXTURE Version 1.3.0                  ****
****                    Copyright 2008-2015                     ****
****           David Alexander, Suyash Shringarpure,            ****
****                John  Novembre, Ken Lange                   ****
****                                                            ****
****                 Please cite our paper!                     ****
****   Information at www.genetics.ucla.edu/software/admixture  ****

Cross-validation will be performed.  Folds=5.
Parallel execution requested.  Will use 10 threads.
Random seed: 43
Point estimation method: Block relaxation algorithm
Convergence acceleration algorithm: QuasiNewton, 3 secant conditions
Point estimation will terminate when objective function delta < 0.0001
Estimation of standard errors disabled; will compute point estimates only.
Size of G: 95x2725
Performing five EM steps to prime main algorithm
1 (EM) 	Elapsed: 0.039	Loglikelihood: -66512.9	(delta): 425417
2 (EM) 	Elapsed: 0.05	Loglikelihood: -66512.9	(delta): 0
3 (EM) 	Elapsed: 0.05	Loglikelihood: -66512.9	(delta): 0
4 (EM) 	Elapsed: 0.05	Loglikelihood: -66512.9	(delta): -1.45519e-11
5 (EM) 	Elapsed: 0.05	Loglikelihood: -66512.9	(delta): 1.45519e-11
Initial loglikelihood: -66512.9
Starting main algorithm
1 (QN/Block) 	Elapsed: 0.103	Loglikelihood: -66512.9	(delta): 0
Summary: 
Converged in 1 iterations (0.694 sec)
Loglikelihood: -66512.878913
CV error (K=1): 0.27299
Writing output files.
