****                   ADMIXTURE Version 1.3.0                  ****
****                    Copyright 2008-2015                     ****
****           David Alexander, Suyash Shringarpure,            ****
****                John  Novembre, Ken Lange                   ****
****                                                            ****
****                 Please cite our paper!                     ****
****   Information at www.genetics.ucla.edu/software/admixture  ****

Cross-validation will be performed.  Folds=5.
Parallel execution requested.  Will use 10 threads.
Random seed: 43
Point estimation method: Block relaxation algorithm
Convergence acceleration algorithm: QuasiNewton, 3 secant conditions
Point estimation will terminate when objective function delta < 0.0001
Estimation of standard errors disabled; will compute point estimates only.
Size of G: 95x2725
Performing five EM steps to prime main algorithm
1 (EM) 	Elapsed: 0.052	Loglikelihood: -69495.9	(delta): 346636
2 (EM) 	Elapsed: 0.045	Loglikelihood: -66058.8	(delta): 3437.09
3 (EM) 	Elapsed: 0.05	Loglikelihood: -65488	(delta): 570.765
4 (EM) 	Elapsed: 0.047	Loglikelihood: -65203.5	(delta): 284.54
5 (EM) 	Elapsed: 0.062	Loglikelihood: -65041.2	(delta): 162.287
Initial loglikelihood: -65041.2
Starting main algorithm
1 (QN/Block) 	Elapsed: 0.1	Loglikelihood: -61772.1	(delta): 3269.07
2 (QN/Block) 	Elapsed: 0.03	Loglikelihood: -59564.3	(delta): 2207.86
3 (QN/Block) 	Elapsed: 0.031	Loglikelihood: -58398.4	(delta): 1165.88
4 (QN/Block) 	Elapsed: 0.031	Loglikelihood: -57525.2	(delta): 873.235
5 (QN/Block) 	Elapsed: 0.03	Loglikelihood: -56995.9	(delta): 529.231
6 (QN/Block) 	Elapsed: 0.03	Loglikelihood: -56701.9	(delta): 293.978
7 (QN/Block) 	Elapsed: 0.03	Loglikelihood: -56564.8	(delta): 137.135
8 (QN/Block) 	Elapsed: 0.03	Loglikelihood: -56527.2	(delta): 37.5732
9 (QN/Block) 	Elapsed: 0.03	Loglikelihood: -56520.7	(delta): 6.57676
10 (QN/Block) 	Elapsed: 0.031	Loglikelihood: -56519.9	(delta): 0.806064
11 (QN/Block) 	Elapsed: 0.031	Loglikelihood: -56519.8	(delta): 0.0268512
12 (QN/Block) 	Elapsed: 0.03	Loglikelihood: -56519.8	(delta): 0.00683096
13 (QN/Block) 	Elapsed: 0.029	Loglikelihood: -56519.8	(delta): 0.000360159
14 (QN/Block) 	Elapsed: 0.029	Loglikelihood: -56519.8	(delta): 3.76013e-06
Summary: 
Converged in 14 iterations (1.105 sec)
Loglikelihood: -56519.820020
Fst divergences between estimated populations: 
	Pop0	
Pop0	
Pop1	0.291	
CV error (K=2): 0.23326
Writing output files.
