****                   ADMIXTURE Version 1.3.0                  ****
****                    Copyright 2008-2015                     ****
****           David Alexander, Suyash Shringarpure,            ****
****                John  Novembre, Ken Lange                   ****
****                                                            ****
****                 Please cite our paper!                     ****
****   Information at www.genetics.ucla.edu/software/admixture  ****

Cross-validation will be performed.  Folds=5.
Parallel execution requested.  Will use 10 threads.
Random seed: 43
Point estimation method: Block relaxation algorithm
Convergence acceleration algorithm: QuasiNewton, 3 secant conditions
Point estimation will terminate when objective function delta < 0.0001
Estimation of standard errors disabled; will compute point estimates only.
Size of G: 95x2725
Performing five EM steps to prime main algorithm
1 (EM) 	Elapsed: 0.082	Loglikelihood: -71576.8	(delta): 320298
2 (EM) 	Elapsed: 0.079	Loglikelihood: -66044.7	(delta): 5532.11
3 (EM) 	Elapsed: 0.077	Loglikelihood: -65100.7	(delta): 944.01
4 (EM) 	Elapsed: 0.059	Loglikelihood: -64571.2	(delta): 529.447
5 (EM) 	Elapsed: 0.035	Loglikelihood: -64197.2	(delta): 373.997
Initial loglikelihood: -64197.2
Starting main algorithm
1 (QN/Block) 	Elapsed: 0.055	Loglikelihood: -56183.8	(delta): 8013.37
2 (QN/Block) 	Elapsed: 0.054	Loglikelihood: -52018.5	(delta): 4165.29
3 (QN/Block) 	Elapsed: 0.056	Loglikelihood: -50933.8	(delta): 1084.75
4 (QN/Block) 	Elapsed: 0.055	Loglikelihood: -50250.4	(delta): 683.35
5 (QN/Block) 	Elapsed: 0.056	Loglikelihood: -49921.5	(delta): 328.969
6 (QN/Block) 	Elapsed: 0.056	Loglikelihood: -49816.5	(delta): 105.011
7 (QN/Block) 	Elapsed: 0.057	Loglikelihood: -49807.6	(delta): 8.91348
8 (QN/Block) 	Elapsed: 0.056	Loglikelihood: -49807.5	(delta): 0.0605968
9 (QN/Block) 	Elapsed: 0.056	Loglikelihood: -49807.5	(delta): 0.0023283
10 (QN/Block) 	Elapsed: 0.052	Loglikelihood: -49807.5	(delta): 1.49565e-05
Summary: 
Converged in 10 iterations (1.109 sec)
Loglikelihood: -49807.493574
Fst divergences between estimated populations: 
	Pop0	Pop1	
Pop0	
Pop1	0.140	
Pop2	0.334	0.296	
CV error (K=3): 0.22164
Writing output files.
