****                   ADMIXTURE Version 1.3.0                  ****
****                    Copyright 2008-2015                     ****
****           David Alexander, Suyash Shringarpure,            ****
****                John  Novembre, Ken Lange                   ****
****                                                            ****
****                 Please cite our paper!                     ****
****   Information at www.genetics.ucla.edu/software/admixture  ****

Cross-validation will be performed.  Folds=5.
Parallel execution requested.  Will use 10 threads.
Random seed: 43
Point estimation method: Block relaxation algorithm
Convergence acceleration algorithm: QuasiNewton, 3 secant conditions
Point estimation will terminate when objective function delta < 0.0001
Estimation of standard errors disabled; will compute point estimates only.
Size of G: 95x2725
Performing five EM steps to prime main algorithm
1 (EM) 	Elapsed: 0.051	Loglikelihood: -72699.7	(delta): 304122
2 (EM) 	Elapsed: 0.064	Loglikelihood: -66196.8	(delta): 6502.87
3 (EM) 	Elapsed: 0.064	Loglikelihood: -65078.4	(delta): 1118.38
4 (EM) 	Elapsed: 0.052	Loglikelihood: -64469.2	(delta): 609.216
5 (EM) 	Elapsed: 0.064	Loglikelihood: -64058.1	(delta): 411.083
Initial loglikelihood: -64058.1
Starting main algorithm
1 (QN/Block) 	Elapsed: 0.096	Loglikelihood: -56318.6	(delta): 7739.55
2 (QN/Block) 	Elapsed: 0.103	Loglikelihood: -51910	(delta): 4408.58
3 (QN/Block) 	Elapsed: 0.134	Loglikelihood: -49171.3	(delta): 2738.71
4 (QN/Block) 	Elapsed: 0.058	Loglikelihood: -47970	(delta): 1201.3
5 (QN/Block) 	Elapsed: 0.056	Loglikelihood: -47196.2	(delta): 773.798
6 (QN/Block) 	Elapsed: 0.059	Loglikelihood: -46912.8	(delta): 283.344
7 (QN/Block) 	Elapsed: 0.058	Loglikelihood: -46839.9	(delta): 72.9748
8 (QN/Block) 	Elapsed: 0.057	Loglikelihood: -46824.4	(delta): 15.4896
9 (QN/Block) 	Elapsed: 0.058	Loglikelihood: -46824.2	(delta): 0.232954
10 (QN/Block) 	Elapsed: 0.057	Loglikelihood: -46824.2	(delta): 0.000286415
11 (QN/Block) 	Elapsed: 0.058	Loglikelihood: -46824.2	(delta): 6.72577e-05
Summary: 
Converged in 11 iterations (1.496 sec)
Loglikelihood: -46824.150378
Fst divergences between estimated populations: 
	Pop0	Pop1	Pop2	
Pop0	
Pop1	0.531	
Pop2	0.446	0.160	
Pop3	0.673	0.283	0.295	
CV error (K=4): 0.20893
Writing output files.
