****                   ADMIXTURE Version 1.3.0                  ****
****                    Copyright 2008-2015                     ****
****           David Alexander, Suyash Shringarpure,            ****
****                John  Novembre, Ken Lange                   ****
****                                                            ****
****                 Please cite our paper!                     ****
****   Information at www.genetics.ucla.edu/software/admixture  ****

Cross-validation will be performed.  Folds=5.
Parallel execution requested.  Will use 10 threads.
Random seed: 43
Point estimation method: Block relaxation algorithm
Convergence acceleration algorithm: QuasiNewton, 3 secant conditions
Point estimation will terminate when objective function delta < 0.0001
Estimation of standard errors disabled; will compute point estimates only.
Size of G: 95x2725
Performing five EM steps to prime main algorithm
1 (EM) 	Elapsed: 0.11	Loglikelihood: -72773.2	(delta): 289533
2 (EM) 	Elapsed: 0.079	Loglikelihood: -65341.9	(delta): 7431.37
3 (EM) 	Elapsed: 0.075	Loglikelihood: -63815.4	(delta): 1526.49
4 (EM) 	Elapsed: 0.079	Loglikelihood: -62872.5	(delta): 942.919
5 (EM) 	Elapsed: 0.075	Loglikelihood: -62151	(delta): 721.434
Initial loglikelihood: -62151
Starting main algorithm
1 (QN/Block) 	Elapsed: 0.086	Loglikelihood: -47424.6	(delta): 14726.5
2 (QN/Block) 	Elapsed: 0.086	Loglikelihood: -41154	(delta): 6270.53
3 (QN/Block) 	Elapsed: 0.089	Loglikelihood: -39163.9	(delta): 1990.1
4 (QN/Block) 	Elapsed: 0.088	Loglikelihood: -38087.2	(delta): 1076.68
5 (QN/Block) 	Elapsed: 0.086	Loglikelihood: -37523.1	(delta): 564.151
6 (QN/Block) 	Elapsed: 0.083	Loglikelihood: -37201.5	(delta): 321.627
7 (QN/Block) 	Elapsed: 0.083	Loglikelihood: -37034.2	(delta): 167.31
8 (QN/Block) 	Elapsed: 0.085	Loglikelihood: -36993.5	(delta): 40.6934
9 (QN/Block) 	Elapsed: 0.083	Loglikelihood: -36982	(delta): 11.4609
10 (QN/Block) 	Elapsed: 0.084	Loglikelihood: -36973.7	(delta): 8.32193
11 (QN/Block) 	Elapsed: 0.085	Loglikelihood: -36968.5	(delta): 5.22187
12 (QN/Block) 	Elapsed: 0.085	Loglikelihood: -36968.3	(delta): 0.209768
13 (QN/Block) 	Elapsed: 0.083	Loglikelihood: -36970.6	(delta): -2.3675
14 (QN/Block) 	Elapsed: 0.083	Loglikelihood: -36992.8	(delta): -22.2102
15 (QN/Block) 	Elapsed: 0.081	Loglikelihood: -36976.1	(delta): 16.7529
16 (QN/Block) 	Elapsed: 0.079	Loglikelihood: -36963.3	(delta): 12.7875
17 (QN/Block) 	Elapsed: 0.078	Loglikelihood: -36953.8	(delta): 9.51284
18 (QN/Block) 	Elapsed: 0.078	Loglikelihood: -36949.4	(delta): 4.35794
19 (QN/Block) 	Elapsed: 0.077	Loglikelihood: -36948.8	(delta): 0.610482
20 (QN/Block) 	Elapsed: 0.078	Loglikelihood: -36948.7	(delta): 0.0624129
21 (QN/Block) 	Elapsed: 0.08	Loglikelihood: -36948.7	(delta): 1.53534e-05
Summary: 
Converged in 21 iterations (2.382 sec)
Loglikelihood: -36948.747218
Fst divergences between estimated populations: 
	Pop0	Pop1	Pop2	Pop3	Pop4	Pop5	
Pop0	
Pop1	0.200	
Pop2	0.205	0.306	
Pop3	0.542	0.516	0.658	
Pop4	0.069	0.184	0.196	0.530	
Pop5	0.589	0.581	0.654	0.804	0.577	
Pop6	0.308	0.342	0.417	0.670	0.278	0.660	
CV error (K=7): 0.18617
Writing output files.
