****                   ADMIXTURE Version 1.3.0                  ****
****                    Copyright 2008-2015                     ****
****           David Alexander, Suyash Shringarpure,            ****
****                John  Novembre, Ken Lange                   ****
****                                                            ****
****                 Please cite our paper!                     ****
****   Information at www.genetics.ucla.edu/software/admixture  ****

Cross-validation will be performed.  Folds=5.
Parallel execution requested.  Will use 10 threads.
Random seed: 43
Point estimation method: Block relaxation algorithm
Convergence acceleration algorithm: QuasiNewton, 3 secant conditions
Point estimation will terminate when objective function delta < 0.0001
Estimation of standard errors disabled; will compute point estimates only.
Size of G: 95x2725
Performing five EM steps to prime main algorithm
1 (EM) 	Elapsed: 0.109	Loglikelihood: -72998.4	(delta): 282919
2 (EM) 	Elapsed: 0.072	Loglikelihood: -65362.3	(delta): 7636.03
3 (EM) 	Elapsed: 0.07	Loglikelihood: -63899.9	(delta): 1462.42
4 (EM) 	Elapsed: 0.077	Loglikelihood: -63001.6	(delta): 898.295
5 (EM) 	Elapsed: 0.076	Loglikelihood: -62267.6	(delta): 733.973
Initial loglikelihood: -62267.6
Starting main algorithm
1 (QN/Block) 	Elapsed: 0.186	Loglikelihood: -46564.5	(delta): 15703.1
2 (QN/Block) 	Elapsed: 0.159	Loglikelihood: -39472.9	(delta): 7091.63
3 (QN/Block) 	Elapsed: 0.318	Loglikelihood: -37396.5	(delta): 2076.35
4 (QN/Block) 	Elapsed: 0.327	Loglikelihood: -36382.8	(delta): 1013.67
5 (QN/Block) 	Elapsed: 0.225	Loglikelihood: -35809.4	(delta): 573.449
6 (QN/Block) 	Elapsed: 0.338	Loglikelihood: -35456.2	(delta): 353.153
7 (QN/Block) 	Elapsed: 0.207	Loglikelihood: -35248.3	(delta): 207.963
8 (QN/Block) 	Elapsed: 0.143	Loglikelihood: -35013.7	(delta): 234.635
9 (QN/Block) 	Elapsed: 0.117	Loglikelihood: -34883.3	(delta): 130.397
10 (QN/Block) 	Elapsed: 0.118	Loglikelihood: -34834.8	(delta): 48.4783
11 (QN/Block) 	Elapsed: 0.114	Loglikelihood: -34822.4	(delta): 12.4151
12 (QN/Block) 	Elapsed: 0.116	Loglikelihood: -34820	(delta): 2.33892
13 (QN/Block) 	Elapsed: 0.115	Loglikelihood: -34819.8	(delta): 0.176252
14 (QN/Block) 	Elapsed: 0.116	Loglikelihood: -34819.8	(delta): 0.0151016
15 (QN/Block) 	Elapsed: 0.116	Loglikelihood: -34819.8	(delta): 0.0186588
16 (QN/Block) 	Elapsed: 0.116	Loglikelihood: -34819.8	(delta): 0.0281534
17 (QN/Block) 	Elapsed: 0.117	Loglikelihood: -34819.7	(delta): 0.0419382
18 (QN/Block) 	Elapsed: 0.116	Loglikelihood: -34819.7	(delta): 0.0597159
19 (QN/Block) 	Elapsed: 0.117	Loglikelihood: -34819.7	(delta): 0.00933603
20 (QN/Block) 	Elapsed: 0.112	Loglikelihood: -34819.7	(delta): 2.61704e-05
Summary: 
Converged in 20 iterations (4.308 sec)
Loglikelihood: -34819.671117
Fst divergences between estimated populations: 
	Pop0	Pop1	Pop2	Pop3	Pop4	Pop5	Pop6	Pop7	
Pop0	
Pop1	0.317	
Pop2	0.592	0.663	
Pop3	0.084	0.296	0.569	
Pop4	0.198	0.357	0.580	0.198	
Pop5	0.554	0.686	0.802	0.524	0.518	
Pop6	0.351	0.183	0.687	0.321	0.385	0.716	
Pop7	0.216	0.454	0.668	0.226	0.332	0.690	0.484	
Pop8	0.202	0.358	0.574	0.202	0.055	0.512	0.384	0.328	
CV error (K=9): 0.19250
Writing output files.
